<?xml version="1.0" encoding="UTF-8"?>
<testng-results skipped="0" failed="0" ignored="0" total="1" passed="1">
  <reporter-output>
  </reporter-output>
  <suite name="com.qa.githubAPI.tests.GetAPITest" duration-ms="1558" started-at="2018-12-05T18:58:02Z" finished-at="2018-12-05T18:58:03Z">
    <groups>
    </groups>
    <test name="Command line test" duration-ms="1558" started-at="2018-12-05T18:58:02Z" finished-at="2018-12-05T18:58:03Z">
      <class name="com.qa.githubAPI.tests.GetAPITest">
        <test-method status="PASS" signature="setUp()[pri:0, instance:com.qa.githubAPI.tests.GetAPITest@340f438e]" name="setUp" is-config="true" duration-ms="12" started-at="2018-12-05T18:58:02Z" finished-at="2018-12-05T18:58:02Z">
          <reporter-output>
          </reporter-output>
        </test-method> <!-- setUp -->
        <test-method status="PASS" signature="getTest()[pri:0, instance:com.qa.githubAPI.tests.GetAPITest@340f438e]" name="getTest" duration-ms="1481" started-at="2018-12-05T18:58:02Z" finished-at="2018-12-05T18:58:03Z">
          <reporter-output>
          </reporter-output>
        </test-method> <!-- getTest -->
      </class> <!-- com.qa.githubAPI.tests.GetAPITest -->
    </test> <!-- Command line test -->
  </suite> <!-- com.qa.githubAPI.tests.GetAPITest -->
</testng-results>
